<?xml version="1.0" encoding="UTF-8"?>
<testsuite name="com.ropa.renueva.RenuevaApplicationTests" tests="1" skipped="0" failures="0" errors="0" timestamp="2024-09-06T16:35:57" hostname="LAVERO" time="1.217">
  <properties/>
  <testcase name="contextLoads()" classname="com.ropa.renueva.RenuevaApplicationTests" time="1.217"/>
  <system-out><![CDATA[10:35:47.596 [Test worker] INFO org.springframework.test.context.support.AnnotationConfigContextLoaderUtils -- Could not detect default configuration classes for test class [com.ropa.renueva.RenuevaApplicationTests]: RenuevaApplicationTests does not declare any static, non-private, non-final, nested classes annotated with @Configuration.
10:35:47.753 [Test worker] INFO org.springframework.boot.test.context.SpringBootTestContextBootstrapper -- Found @SpringBootConfiguration com.ropa.renueva.RenuevaApplication for test class com.ropa.renueva.RenuevaApplicationTests

  .   ____          _            __ _ _
 /\\ / ___'_ __ _ _(_)_ __  __ _ \ \ \ \
( ( )\___ | '_ | '_| | '_ \/ _` | \ \ \ \
 \\/  ___)| |_)| | | | | || (_| |  ) ) ) )
  '  |____| .__|_| |_|_| |_\__, | / / / /
 =========|_|==============|___/=/_/_/_/

 :: Spring Boot ::                (v3.3.3)

2024-09-06T10:35:48.590-06:00  INFO 22900 --- [renueva] [    Test worker] c.ropa.renueva.RenuevaApplicationTests   : Starting RenuevaApplicationTests using Java 17.0.12 with PID 22900 (started by Cesar in C:\Users\Cesar\OneDrive\Escritorio\CH43\ReNuevate-FullStack\renueva)
2024-09-06T10:35:48.592-06:00  INFO 22900 --- [renueva] [    Test worker] c.ropa.renueva.RenuevaApplicationTests   : No active profile set, falling back to 1 default profile: "default"
2024-09-06T10:35:50.035-06:00  INFO 22900 --- [renueva] [    Test worker] .s.d.r.c.RepositoryConfigurationDelegate : Bootstrapping Spring Data JPA repositories in DEFAULT mode.
2024-09-06T10:35:50.428-06:00  INFO 22900 --- [renueva] [    Test worker] .s.d.r.c.RepositoryConfigurationDelegate : Finished Spring Data repository scanning in 351 ms. Found 1 JPA repository interface.
2024-09-06T10:35:51.577-06:00  INFO 22900 --- [renueva] [    Test worker] o.hibernate.jpa.internal.util.LogHelper  : HHH000204: Processing PersistenceUnitInfo [name: default]
2024-09-06T10:35:51.778-06:00  INFO 22900 --- [renueva] [    Test worker] org.hibernate.Version                    : HHH000412: Hibernate ORM core version 6.5.2.Final
2024-09-06T10:35:51.880-06:00  INFO 22900 --- [renueva] [    Test worker] o.h.c.internal.RegionFactoryInitiator    : HHH000026: Second-level cache disabled
2024-09-06T10:35:52.621-06:00  INFO 22900 --- [renueva] [    Test worker] o.s.o.j.p.SpringPersistenceUnitInfo      : No LoadTimeWeaver setup: ignoring JPA class transformer
2024-09-06T10:35:52.676-06:00  INFO 22900 --- [renueva] [    Test worker] com.zaxxer.hikari.HikariDataSource       : HikariPool-1 - Starting...
2024-09-06T10:35:53.370-06:00  INFO 22900 --- [renueva] [    Test worker] com.zaxxer.hikari.pool.HikariPool        : HikariPool-1 - Added connection com.mysql.cj.jdbc.ConnectionImpl@436a563f
2024-09-06T10:35:53.373-06:00  INFO 22900 --- [renueva] [    Test worker] com.zaxxer.hikari.HikariDataSource       : HikariPool-1 - Start completed.
2024-09-06T10:35:55.360-06:00  INFO 22900 --- [renueva] [    Test worker] o.h.e.t.j.p.i.JtaPlatformInitiator       : HHH000489: No JTA platform available (set 'hibernate.transaction.jta.platform' to enable JTA platform integration)
2024-09-06T10:35:55.471-06:00  INFO 22900 --- [renueva] [    Test worker] j.LocalContainerEntityManagerFactoryBean : Initialized JPA EntityManagerFactory for persistence unit 'default'
2024-09-06T10:35:56.486-06:00  WARN 22900 --- [renueva] [    Test worker] JpaBaseConfiguration$JpaWebConfiguration : spring.jpa.open-in-view is enabled by default. Therefore, database queries may be performed during view rendering. Explicitly configure spring.jpa.open-in-view to disable this warning
2024-09-06T10:35:56.540-06:00  INFO 22900 --- [renueva] [    Test worker] o.s.b.a.w.s.WelcomePageHandlerMapping    : Adding welcome page: class path resource [static/index.html]
2024-09-06T10:35:57.611-06:00  INFO 22900 --- [renueva] [    Test worker] c.ropa.renueva.RenuevaApplicationTests   : Started RenuevaApplicationTests in 9.513 seconds (process running for 11.499)
]]></system-out>
  <system-err><![CDATA[]]></system-err>
</testsuite>
